#
# A fatal error has been detected by the Java Runtime Environment:
#
#  EXCEPTION_ACCESS_VIOLATION (0xc0000005) at pc=0x0000000057aba3c5, pid=8476, tid=8540
#
# JRE version: Java(TM) SE Runtime Environment (8.0_25-b18) (build 1.8.0_25-b18)
# Java VM: Java HotSpot(TM) 64-Bit Server VM (25.25-b02 mixed mode windows-amd64 compressed oops)
# Problematic frame:
# V  [jvm.dll+0x11a3c5]
#
# Failed to write core dump. Minidumps are not enabled by default on client versions of Windows
#
# If you would like to submit a bug report, please visit:
#   http://bugreport.sun.com/bugreport/crash.jsp
#

---------------  T H R E A D  ---------------

Current thread (0x0000000016d6d800):  JavaThread "JDWP Transport Listener: dt_socket" daemon [_thread_in_vm, id=8540, stack(0x00000000185b0000,0x00000000186b0000)]

siginfo: ExceptionCode=0xc0000005, reading address 0xffffffffffffffff

Registers:
RAX=0x00000000186af301, RBX=0x0000000016d6d800, RCX=0x003b003b79726f74, RDX=0x0000000000000000
RSP=0x00000000186af380, RBP=0x003b003b79726f74, RSI=0x00000000186af498, RDI=0x0000000002108e20
R8 =0x0000000016d6d800, R9 =0x0000000000008000, R10=0x0000000000000000, R11=0x00000000186af649
R12=0x0000000000000000, R13=0x0000000016d66038, R14=0x0000000000000000, R15=0x0000000000000000
RIP=0x0000000057aba3c5, EFLAGS=0x0000000000010206

Top of Stack: (sp=0x00000000186af380)
0x00000000186af380:   0000000016d6d800 0000000016d6d800
0x00000000186af390:   00000000186af448 0000000057cb78db
0x00000000186af3a0:   0000000016d6d800 0000000057cd413d
0x00000000186af3b0:   0000000000000000 0000000058849149
0x00000000186af3c0:   0000000018bdf230 0000000058852912
0x00000000186af3d0:   0000000016d6d800 0000000000000000
0x00000000186af3e0:   0000000000000000 0000000000000000
0x00000000186af3f0:   003b003b79726f74 0000000058851a09
0x00000000186af400:   00000000186af498 00000000186af470
0x00000000186af410:   0000000000000001 0000000018bdf230
0x00000000186af420:   003b003b79726f74 00000000588353b3
0x00000000186af430:   00000000186af560 0000000000000001
0x00000000186af440:   0000000000000001 0000000018bdf230
0x00000000186af450:   000000000000000a 0000000000000000
0x00000000186af460:   0000000000000000 0000000000000000
0x00000000186af470:   0000000000000001 0000000058835571 

Instructions: (pc=0x0000000057aba3c5)
0x0000000057aba3a5:   cc cc cc cc cc cc cc cc cc cc cc 48 83 ec 28 48
0x0000000057aba3b5:   85 c9 75 07 33 c0 48 83 c4 28 c3 48 89 5c 24 20
0x0000000057aba3c5:   48 8b 19 48 85 db 74 20 48 83 fb 37 74 1a 48 8b
0x0000000057aba3d5:   13 48 8b cb ff 52 10 84 c0 74 0d 48 8b c3 48 8b 


Register to memory mapping:

RAX=0x00000000186af301 is pointing into the stack for thread: 0x0000000016d6d800
RBX=0x0000000016d6d800 is a thread
RCX=0x003b003b79726f74 is an unknown value
RDX=0x0000000000000000 is an unknown value
RSP=0x00000000186af380 is pointing into the stack for thread: 0x0000000016d6d800
RBP=0x003b003b79726f74 is an unknown value
RSI=0x00000000186af498 is pointing into the stack for thread: 0x0000000016d6d800
RDI=0x0000000002108e20 is an unknown value
R8 =0x0000000016d6d800 is a thread
R9 =0x0000000000008000 is an unknown value
R10=0x0000000000000000 is an unknown value
R11=0x00000000186af649 is pointing into the stack for thread: 0x0000000016d6d800
R12=0x0000000000000000 is an unknown value
R13=0x0000000016d66038 is an unknown value
R14=0x0000000000000000 is an unknown value
R15=0x0000000000000000 is an unknown value


Stack: [0x00000000185b0000,0x00000000186b0000],  sp=0x00000000186af380,  free space=1020k
Native frames: (J=compiled Java code, j=interpreted, Vv=VM code, C=native code)
V  [jvm.dll+0x11a3c5]
V  [jvm.dll+0x33413d]
C  [jdwp.dll+0x21a09]
C  [jdwp.dll+0x53b3]
C  [jdwp.dll+0x5571]
C  [jdwp.dll+0xf09c]
C  [jdwp.dll+0x1f2c9]
C  [jdwp.dll+0x1f49e]
V  [jvm.dll+0x1abba8]
V  [jvm.dll+0x22bde4]
V  [jvm.dll+0x2852fa]
C  [msvcr100.dll+0x21d9f]
C  [msvcr100.dll+0x21e3b]
C  [KERNEL32.DLL+0x168d]
C  [ntdll.dll+0x74629]


---------------  P R O C E S S  ---------------

Java Threads: ( => current thread )
  0x0000000018bdb800 JavaThread "Service Thread" daemon [_thread_blocked, id=8784, stack(0x0000000018fb0000,0x00000000190b0000)]
  0x0000000016d86800 JavaThread "C1 CompilerThread2" daemon [_thread_blocked, id=3680, stack(0x0000000018ab0000,0x0000000018bb0000)]
  0x0000000016d85000 JavaThread "C2 CompilerThread1" daemon [_thread_blocked, id=5348, stack(0x00000000189b0000,0x0000000018ab0000)]
  0x0000000016d81000 JavaThread "C2 CompilerThread0" daemon [_thread_blocked, id=5168, stack(0x00000000188b0000,0x00000000189b0000)]
  0x0000000016d75000 JavaThread "JDWP Command Reader" daemon [_thread_in_native, id=9140, stack(0x00000000187b0000,0x00000000188b0000)]
  0x0000000016d72800 JavaThread "JDWP Event Helper Thread" daemon [_thread_blocked, id=5396, stack(0x00000000186b0000,0x00000000187b0000)]
=>0x0000000016d6d800 JavaThread "JDWP Transport Listener: dt_socket" daemon [_thread_in_vm, id=8540, stack(0x00000000185b0000,0x00000000186b0000)]
  0x0000000016d5c000 JavaThread "Attach Listener" daemon [_thread_blocked, id=5876, stack(0x00000000181d0000,0x00000000182d0000)]
  0x0000000016d5b000 JavaThread "Signal Dispatcher" daemon [_thread_blocked, id=7008, stack(0x00000000180d0000,0x00000000181d0000)]
  0x0000000002303800 JavaThread "Finalizer" daemon [_thread_blocked, id=7920, stack(0x0000000017fd0000,0x00000000180d0000)]
  0x00000000022fb000 JavaThread "Reference Handler" daemon [_thread_blocked, id=2816, stack(0x0000000017ed0000,0x0000000017fd0000)]
  0x0000000002210800 JavaThread "main" [_thread_blocked, id=8180, stack(0x0000000002110000,0x0000000002210000)]

Other Threads:
  0x0000000016d25000 VMThread [stack: 0x0000000017dd0000,0x0000000017ed0000] [id=7228]
  0x0000000018bde000 WatcherThread [stack: 0x00000000190b0000,0x00000000191b0000] [id=6716]

VM state:not at safepoint (normal execution)

VM Mutex/Monitor currently owned by a thread: None

Heap:
 PSYoungGen      total 37888K, used 2621K [0x00000000d6600000, 0x00000000d9000000, 0x0000000100000000)
  eden space 32768K, 8% used [0x00000000d6600000,0x00000000d688f6a8,0x00000000d8600000)
  from space 5120K, 0% used [0x00000000d8b00000,0x00000000d8b00000,0x00000000d9000000)
  to   space 5120K, 0% used [0x00000000d8600000,0x00000000d8600000,0x00000000d8b00000)
 ParOldGen       total 86016K, used 0K [0x0000000083200000, 0x0000000088600000, 0x00000000d6600000)
  object space 86016K, 0% used [0x0000000083200000,0x0000000083200000,0x0000000088600000)
 Metaspace       used 2503K, capacity 4630K, committed 4864K, reserved 1056768K
  class space    used 270K, capacity 390K, committed 512K, reserved 1048576K

Card table byte_map: [0x00000000116d0000,0x0000000011ac0000] byte_map_base: 0x00000000112b7000

Marking Bits: (ParMarkBitMap*) 0x000000005817d490
 Begin Bits: [0x0000000012160000, 0x0000000014098000)
 End Bits:   [0x0000000014098000, 0x0000000015fd0000)

Polling page: 0x0000000001fe0000

CodeCache: size=245760Kb used=1086Kb max_used=1086Kb free=244673Kb
 bounds [0x0000000002310000, 0x0000000002580000, 0x0000000011310000]
 total_blobs=237 nmethods=20 adapters=141
 compilation: enabled

Compilation events (10 events):
Event: 0.234 Thread 0x0000000016d86800   17       3       java.io.WinNTFileSystem::isSlash (18 bytes)
Event: 0.234 Thread 0x0000000016d86800 nmethod 17 0x000000000241be50 code [0x000000000241bfa0, 0x000000000241c190]
Event: 0.234 Thread 0x0000000016d86800   16       3       java.util.Arrays::copyOfRange (63 bytes)
Event: 0.235 Thread 0x0000000016d86800 nmethod 16 0x000000000241c210 code [0x000000000241c420, 0x000000000241cf58]
Event: 0.236 Thread 0x0000000016d86800   18  s    3       java.lang.StringBuffer::append (13 bytes)
Event: 0.236 Thread 0x0000000016d86800 nmethod 18 0x000000000241d4d0 code [0x000000000241d660, 0x000000000241db68]
Event: 0.236 Thread 0x0000000016d86800   19       3       java.lang.String::getChars (62 bytes)
Event: 0.236 Thread 0x0000000016d86800 nmethod 19 0x000000000241ddd0 code [0x000000000241dfa0, 0x000000000241e458]
Event: 0.243 Thread 0x0000000016d86800   20       3       java.lang.String::equals (81 bytes)
Event: 0.243 Thread 0x0000000016d86800 nmethod 20 0x000000000241f150 code [0x000000000241f2e0, 0x000000000241f830]

GC Heap History (0 events):
No events

Deoptimization events (0 events):
No events

Internal exceptions (6 events):
Event: 0.045 Thread 0x0000000002210800 Exception <a 'java/lang/NoSuchMethodError': Method sun.misc.Unsafe.defineClass(Ljava/lang/String;[BII)Ljava/lang/Class; name or signature does not match> (0x00000000d660c098) thrown at [D:\re\workspace\8-2-build-windows-amd64-cygwin\jdk8u25\1677\hotspot\sr1p‰È¡ß?
Event: 0.045 Thread 0x0000000002210800 Exception <a 'java/lang/NoSuchMethodError': Method sun.misc.Unsafe.prefetchRead(Ljava/lang/Object;J)V name or signature does not match> (0x00000000d660c328) thrown at [D:\re\workspace\8-2-build-windows-amd64-cygwin\jdk8u25\1677\hotspot\src\share\vm\prims\jéTAèŒ?
Event: 0.239 Thread 0x0000000002210800 Exception <a 'java/security/PrivilegedActionException'> (0x00000000d665e4c8) thrown at [D:\re\workspace\8-2-build-windows-amd64-cygwin\jdk8u25\1677\hotspot\src\share\vm\prims\jvm.cpp, line 1312]
Event: 0.248 Thread 0x0000000002210800 Exception <a 'java/security/PrivilegedActionException'> (0x00000000d6666100) thrown at [D:\re\workspace\8-2-build-windows-amd64-cygwin\jdk8u25\1677\hotspot\src\share\vm\prims\jvm.cpp, line 1312]
Event: 0.248 Thread 0x0000000002210800 Exception <a 'java/security/PrivilegedActionException'> (0x00000000d6666df8) thrown at [D:\re\workspace\8-2-build-windows-amd64-cygwin\jdk8u25\1677\hotspot\src\share\vm\prims\jvm.cpp, line 1312]
Event: 0.249 Thread 0x0000000002210800 Exception <a 'java/lang/NullPointerException'> (0x00000000d6667930) thrown at [D:\re\workspace\8-2-build-windows-amd64-cygwin\jdk8u25\1677\hotspot\src\share\vm\interpreter\linkResolver.cpp, line 1280]

Events (10 events):
Event: 5026.707 Executing VM operation: GetCurrentLocation
Event: 5026.707 Executing VM operation: GetCurrentLocation done
Event: 5026.708 Executing VM operation: EnterInterpOnlyMode
Event: 5026.708 Executing VM operation: EnterInterpOnlyMode done
Event: 5026.708 Executing VM operation: ChangeSingleStep
Event: 5026.708 Executing VM operation: ChangeSingleStep done
Event: 5026.708 Executing VM operation: ChangeSingleStep
Event: 5026.708 Executing VM operation: ChangeSingleStep done
Event: 5026.711 Executing VM operation: RedefineClasses
Event: 5026.712 Executing VM operation: RedefineClasses done


Dynamic libraries:
0x00007ff614ad0000 - 0x00007ff614b04000 	C:\Program Files\Java\jre1.8.0_25\bin\javaw.exe
0x00007fff0e490000 - 0x00007fff0e63a000 	C:\WINDOWS\SYSTEM32\ntdll.dll
0x00007fff0c780000 - 0x00007fff0c8ba000 	C:\WINDOWS\system32\KERNEL32.DLL
0x00007fff0bb60000 - 0x00007fff0bc70000 	C:\WINDOWS\system32\KERNELBASE.dll
0x00007fff0a430000 - 0x00007fff0a4b8000 	C:\WINDOWS\system32\apphelp.dll
0x00007fff02720000 - 0x00007fff0276f000 	C:\WINDOWS\AppPatch\AppPatch64\AcGenral.DLL
0x00007fff0e1b0000 - 0x00007fff0e257000 	C:\WINDOWS\system32\msvcrt.dll
0x00007fff0b6b0000 - 0x00007fff0b6db000 	C:\WINDOWS\SYSTEM32\SspiCli.dll
0x00007fff0bd10000 - 0x00007fff0bd61000 	C:\WINDOWS\system32\SHLWAPI.dll
0x00007fff0c160000 - 0x00007fff0c2d1000 	C:\WINDOWS\system32\USER32.dll
0x00007fff0dd00000 - 0x00007fff0de78000 	C:\WINDOWS\system32\ole32.dll
0x00007fff0c8c0000 - 0x00007fff0dcd7000 	C:\WINDOWS\system32\SHELL32.dll
0x00007fff0ae90000 - 0x00007fff0aeaf000 	C:\WINDOWS\SYSTEM32\USERENV.dll
0x00007fff0bd70000 - 0x00007fff0be15000 	C:\WINDOWS\system32\ADVAPI32.dll
0x00007fff01ba0000 - 0x00007fff01bbb000 	C:\WINDOWS\SYSTEM32\MPR.dll
0x00007fff0be80000 - 0x00007fff0bfb6000 	C:\WINDOWS\system32\RPCRT4.dll
0x00007fff0be20000 - 0x00007fff0be77000 	C:\WINDOWS\SYSTEM32\sechost.dll
0x00007fff0c520000 - 0x00007fff0c6f6000 	C:\WINDOWS\SYSTEM32\combase.dll
0x00007fff0de80000 - 0x00007fff0dfc5000 	C:\WINDOWS\system32\GDI32.dll
0x00007fff0b800000 - 0x00007fff0b814000 	C:\WINDOWS\SYSTEM32\profapi.dll
0x00007fff09280000 - 0x00007fff0931f000 	C:\WINDOWS\SYSTEM32\SHCORE.dll
0x00007fff0c2e0000 - 0x00007fff0c314000 	C:\WINDOWS\system32\IMM32.DLL
0x00007fff0c3e0000 - 0x00007fff0c519000 	C:\WINDOWS\system32\MSCTF.dll
0x00007fff08a00000 - 0x00007fff08c5a000 	C:\WINDOWS\WinSxS\amd64_microsoft.windows.common-controls_6595b64144ccf1df_6.0.9600.17031_none_6242a4b3ecbb55a1\COMCTL32.dll
0x0000000058870000 - 0x0000000058942000 	C:\Program Files\Java\jre1.8.0_25\bin\msvcr100.dll
0x00000000579a0000 - 0x00000000581fa000 	C:\Program Files\Java\jre1.8.0_25\bin\server\jvm.dll
0x00007fff01bf0000 - 0x00007fff01bf9000 	C:\WINDOWS\SYSTEM32\WSOCK32.dll
0x00007fff016a0000 - 0x00007fff016bf000 	C:\WINDOWS\SYSTEM32\WINMM.dll
0x00007fff0dce0000 - 0x00007fff0dce7000 	C:\WINDOWS\system32\PSAPI.DLL
0x00007fff0e280000 - 0x00007fff0e2d8000 	C:\WINDOWS\system32\WS2_32.dll
0x00007fff01670000 - 0x00007fff0169a000 	C:\WINDOWS\SYSTEM32\WINMMBASE.dll
0x00007fff0c710000 - 0x00007fff0c719000 	C:\WINDOWS\system32\NSI.dll
0x00007fff0bcc0000 - 0x00007fff0bd0a000 	C:\WINDOWS\SYSTEM32\cfgmgr32.dll
0x00007fff0a6b0000 - 0x00007fff0a6d6000 	C:\WINDOWS\SYSTEM32\DEVOBJ.dll
0x0000000058a20000 - 0x0000000058a2f000 	C:\Program Files\Java\jre1.8.0_25\bin\verify.dll
0x00000000589f0000 - 0x0000000058a18000 	C:\Program Files\Java\jre1.8.0_25\bin\java.dll
0x0000000058830000 - 0x0000000058865000 	C:\Program Files\Java\jre1.8.0_25\bin\jdwp.dll
0x0000000058820000 - 0x0000000058828000 	C:\Program Files\Java\jre1.8.0_25\bin\npt.dll
0x00000000589d0000 - 0x00000000589e6000 	C:\Program Files\Java\jre1.8.0_25\bin\zip.dll
0x0000000058810000 - 0x0000000058819000 	C:\Program Files\Java\jre1.8.0_25\bin\dt_socket.dll
0x00007fff034e0000 - 0x00007fff034f4000 	C:\WINDOWS\system32\napinsp.dll
0x00007fff03580000 - 0x00007fff03599000 	C:\WINDOWS\system32\pnrpnsp.dll
0x00007fff07e80000 - 0x00007fff07e99000 	C:\WINDOWS\system32\NLAapi.dll
0x00007fff0b130000 - 0x00007fff0b188000 	C:\WINDOWS\System32\mswsock.dll
0x00007fff0af40000 - 0x00007fff0afe3000 	C:\WINDOWS\SYSTEM32\DNSAPI.dll
0x00007fff03b40000 - 0x00007fff03b4c000 	C:\WINDOWS\System32\winrnr.dll
0x00007fff03cc0000 - 0x00007fff03cd3000 	C:\WINDOWS\system32\wshbth.dll
0x00007fff07120000 - 0x00007fff07187000 	C:\WINDOWS\System32\fwpuclnt.dll
0x00007fff04b90000 - 0x00007fff04b99000 	C:\Windows\System32\rasadhlp.dll
0x00007fff028d0000 - 0x00007fff02a58000 	C:\WINDOWS\SYSTEM32\dbghelp.dll

VM Arguments:
jvm_args: -agentlib:jdwp=transport=dt_socket,suspend=y,address=localhost:53965 -Dfile.encoding=Cp1252 
java_command: de.addrBook.ConnectionDB
java_class_path (initial): E:\git\AddressBook\AddressBok\bin
Launcher Type: SUN_STANDARD

Environment Variables:
JAVA_HOME=C:\Program Files\Java\jdk1.8.0_25
PATH=C:/Program Files/Java/jre1.8.0_25/bin/server;C:/Program Files/Java/jre1.8.0_25/bin;C:/Program Files/Java/jre1.8.0_25/lib/amd64;C:\ProgramData\Oracle\Java\javapath;C:\WINDOWS\system32;C:\WINDOWS;C:\WINDOWS\System32\Wbem;C:\WINDOWS\System32\WindowsPowerShell\v1.0\;C:\apache-maven-3.2.2\bin;%JAVA_HOME%\bin;C:\Program Files\eclipse;
USERNAME=Kennedy
OS=Windows_NT
PROCESSOR_IDENTIFIER=Intel64 Family 6 Model 37 Stepping 2, GenuineIntel



---------------  S Y S T E M  ---------------

OS: Windows 8.1 , 64 bit Build 9600 

CPU:total 4 (2 cores per cpu, 2 threads per core) family 6 model 37 stepping 2, cmov, cx8, fxsr, mmx, sse, sse2, sse3, ssse3, sse4.1, sse4.2, popcnt, aes, clmul, ht, tsc, tscinvbit

Memory: 4k page, physical 8179388k(3141460k free), swap 10145468k(3556672k free)

vm_info: Java HotSpot(TM) 64-Bit Server VM (25.25-b02) for windows-amd64 JRE (1.8.0_25-b18), built on Oct  7 2014 14:25:37 by "java_re" with MS VC++ 10.0 (VS2010)

time: Wed Dec 17 20:41:55 2014
elapsed time: 5026 seconds (0d 1h 23m 46s)

